<?xml version="1.0" encoding="UTF-8"?>
<!-- Generated by org.testng.reporters.JUnitReportReporter -->
<testsuite hostname="EPINHYDW0020" name="cleancode.hometask.six.Printer" tests="1" failures="0" timestamp="23 Aug 2018 13:41:44 GMT" time="0.015" errors="0">
  <testcase name="printArrayTest" time="0.015" classname="cleancode.hometask.six.Printer"/>
</testsuite> <!-- cleancode.hometask.six.Printer -->
