<?xml version="1.0" encoding="UTF-8"?>
<!-- Generated by org.testng.reporters.JUnitReportReporter -->
<testsuite hostname="EPINHYDW0020" name="cleancode.hometask.five.CustomerOrder" tests="1" failures="0" timestamp="23 Aug 2018 13:43:22 GMT" time="18.216" errors="0">
  <testcase name="orderBoque" time="18.216" classname="cleancode.hometask.five.CustomerOrder"/>
</testsuite> <!-- cleancode.hometask.five.CustomerOrder -->
