<?xml version="1.0" encoding="UTF-8"?>
<!-- Generated by org.testng.reporters.JUnitReportReporter -->
<testsuite hostname="EPINHYDW0020" name="cleancode.hometask.eight.ListFilesUtil" tests="1" failures="0" timestamp="23 Aug 2018 12:05:20 GMT" time="0.015" errors="0">
  <testcase name="readFilesFromDirectory" time="0.015" classname="cleancode.hometask.eight.ListFilesUtil"/>
</testsuite> <!-- cleancode.hometask.eight.ListFilesUtil -->
